{"C:\\Users\\shiny\\Projects\\3_GOBELINS\\express-app-testing-demo\\app\\form_validator.js": {"path":"C:\\Users\\shiny\\Projects\\3_GOBELINS\\express-app-testing-demo\\app\\form_validator.js","statementMap":{"0":{"start":{"line":3,"column":34},"end":{"line":3,"column":50}},"1":{"start":{"line":4,"column":2},"end":{"line":4,"column":45}},"2":{"start":{"line":8,"column":2},"end":{"line":8,"column":44}},"3":{"start":{"line":12,"column":2},"end":{"line":12,"column":68}},"4":{"start":{"line":15,"column":0},"end":{"line":19,"column":2}}},"fnMap":{"0":{"name":"isValidCommaDelimitedList","decl":{"start":{"line":1,"column":9},"end":{"line":1,"column":34}},"loc":{"start":{"line":1,"column":42},"end":{"line":5,"column":1}},"line":1},"1":{"name":"isValidTagmode","decl":{"start":{"line":7,"column":9},"end":{"line":7,"column":23}},"loc":{"start":{"line":7,"column":31},"end":{"line":9,"column":1}},"line":7},"2":{"name":"hasValidFlickrAPIParams","decl":{"start":{"line":11,"column":9},"end":{"line":11,"column":32}},"loc":{"start":{"line":11,"column":48},"end":{"line":13,"column":1}},"line":11}},"branchMap":{"0":{"loc":{"start":{"line":8,"column":9},"end":{"line":8,"column":43}},"type":"binary-expr","locations":[{"start":{"line":8,"column":9},"end":{"line":8,"column":24}},{"start":{"line":8,"column":28},"end":{"line":8,"column":43}}],"line":8},"1":{"loc":{"start":{"line":12,"column":9},"end":{"line":12,"column":67}},"type":"binary-expr","locations":[{"start":{"line":12,"column":9},"end":{"line":12,"column":40}},{"start":{"line":12,"column":44},"end":{"line":12,"column":67}}],"line":12}},"s":{"0":10,"1":10,"2":7,"3":6,"4":2},"f":{"0":10,"1":7,"2":6},"b":{"0":[7,3],"1":[6,4]},"_coverageSchema":"332fd63041d2c1bcb487cc26dd0d5f7d97098a6c","hash":"a1ba6ce815fe951e65b3eea69272d1cd65257e6e"}
,"C:\\Users\\shiny\\Projects\\3_GOBELINS\\express-app-testing-demo\\app\\jsonp_helper.js": {"path":"C:\\Users\\shiny\\Projects\\3_GOBELINS\\express-app-testing-demo\\app\\jsonp_helper.js","statementMap":{"0":{"start":{"line":2,"column":2},"end":{"line":14,"column":3}},"1":{"start":{"line":3,"column":21},"end":{"line":3,"column":44}},"2":{"start":{"line":4,"column":19},"end":{"line":4,"column":46}},"3":{"start":{"line":5,"column":21},"end":{"line":5,"column":66}},"4":{"start":{"line":8,"column":4},"end":{"line":8,"column":49}},"5":{"start":{"line":10,"column":4},"end":{"line":10,"column":34}},"6":{"start":{"line":12,"column":18},"end":{"line":12,"column":76}},"7":{"start":{"line":13,"column":4},"end":{"line":13,"column":16}},"8":{"start":{"line":17,"column":0},"end":{"line":19,"column":2}}},"fnMap":{"0":{"name":"parseJSONP","decl":{"start":{"line":1,"column":9},"end":{"line":1,"column":19}},"loc":{"start":{"line":1,"column":31},"end":{"line":15,"column":1}},"line":1}},"branchMap":{},"s":{"0":5,"1":5,"2":5,"3":5,"4":5,"5":5,"6":2,"7":2,"8":4},"f":{"0":5},"b":{},"_coverageSchema":"332fd63041d2c1bcb487cc26dd0d5f7d97098a6c","hash":"c3cbb9e44b14b685361f454d2555ce278cf7175f"}
,"C:\\Users\\shiny\\Projects\\3_GOBELINS\\express-app-testing-demo\\app\\photo_model.js": {"path":"C:\\Users\\shiny\\Projects\\3_GOBELINS\\express-app-testing-demo\\app\\photo_model.js","statementMap":{"0":{"start":{"line":1,"column":12},"end":{"line":1,"column":26}},"1":{"start":{"line":2,"column":20},"end":{"line":2,"column":42}},"2":{"start":{"line":3,"column":20},"end":{"line":3,"column":45}},"3":{"start":{"line":6,"column":13},"end":{"line":6,"column":69}},"4":{"start":{"line":8,"column":18},"end":{"line":13,"column":3}},"5":{"start":{"line":15,"column":2},"end":{"line":24,"column":5}},"6":{"start":{"line":16,"column":22},"end":{"line":16,"column":59}},"7":{"start":{"line":18,"column":4},"end":{"line":21,"column":7}},"8":{"start":{"line":19,"column":6},"end":{"line":19,"column":64}},"9":{"start":{"line":20,"column":6},"end":{"line":20,"column":64}},"10":{"start":{"line":23,"column":4},"end":{"line":23,"column":27}},"11":{"start":{"line":27,"column":0},"end":{"line":29,"column":2}}},"fnMap":{"0":{"name":"getFlickrPhotos","decl":{"start":{"line":5,"column":9},"end":{"line":5,"column":24}},"loc":{"start":{"line":5,"column":40},"end":{"line":25,"column":1}},"line":5},"1":{"name":"(anonymous_1)","decl":{"start":{"line":15,"column":27},"end":{"line":15,"column":28}},"loc":{"start":{"line":15,"column":39},"end":{"line":24,"column":3}},"line":15},"2":{"name":"(anonymous_2)","decl":{"start":{"line":18,"column":28},"end":{"line":18,"column":29}},"loc":{"start":{"line":18,"column":37},"end":{"line":21,"column":5}},"line":18}},"branchMap":{},"s":{"0":3,"1":3,"2":3,"3":3,"4":3,"5":3,"6":2,"7":1,"8":2,"9":2,"10":1,"11":3},"f":{"0":3,"1":2,"2":2},"b":{},"_coverageSchema":"332fd63041d2c1bcb487cc26dd0d5f7d97098a6c","hash":"10758c6804b2170e05aa35168a2bdd695bf49f26"}
,"C:\\Users\\shiny\\Projects\\3_GOBELINS\\express-app-testing-demo\\app\\route.js": {"path":"C:\\Users\\shiny\\Projects\\3_GOBELINS\\express-app-testing-demo\\app\\route.js","statementMap":{"0":{"start":{"line":1,"column":22},"end":{"line":1,"column":49}},"1":{"start":{"line":2,"column":19},"end":{"line":2,"column":43}},"2":{"start":{"line":4,"column":16},"end":{"line":4,"column":34}},"3":{"start":{"line":5,"column":17},"end":{"line":5,"column":48}},"4":{"start":{"line":8,"column":2},"end":{"line":55,"column":5}},"5":{"start":{"line":10,"column":17},"end":{"line":10,"column":31}},"6":{"start":{"line":11,"column":20},"end":{"line":11,"column":37}},"7":{"start":{"line":13,"column":30},"end":{"line":19,"column":5}},"8":{"start":{"line":22,"column":4},"end":{"line":24,"column":5}},"9":{"start":{"line":23,"column":6},"end":{"line":23,"column":52}},"10":{"start":{"line":26,"column":17},"end":{"line":26,"column":19}},"11":{"start":{"line":29,"column":4},"end":{"line":32,"column":5}},"12":{"start":{"line":30,"column":6},"end":{"line":30,"column":49}},"13":{"start":{"line":31,"column":6},"end":{"line":31,"column":52}},"14":{"start":{"line":45,"column":4},"end":{"line":54,"column":9}},"15":{"start":{"line":48,"column":8},"end":{"line":48,"column":42}},"16":{"start":{"line":49,"column":8},"end":{"line":49,"column":47}},"17":{"start":{"line":50,"column":8},"end":{"line":50,"column":54}},"18":{"start":{"line":53,"column":8},"end":{"line":53,"column":47}},"19":{"start":{"line":57,"column":2},"end":{"line":73,"column":5}},"20":{"start":{"line":58,"column":17},"end":{"line":58,"column":31}},"21":{"start":{"line":60,"column":16},"end":{"line":60,"column":73}},"22":{"start":{"line":61,"column":19},"end":{"line":64,"column":6}},"23":{"start":{"line":65,"column":18},"end":{"line":65,"column":39}},"24":{"start":{"line":67,"column":4},"end":{"line":67,"column":22}},"25":{"start":{"line":69,"column":4},"end":{"line":69,"column":37}},"26":{"start":{"line":71,"column":4},"end":{"line":71,"column":18}},"27":{"start":{"line":76,"column":0},"end":{"line":76,"column":23}}},"fnMap":{"0":{"name":"route","decl":{"start":{"line":7,"column":9},"end":{"line":7,"column":14}},"loc":{"start":{"line":7,"column":20},"end":{"line":74,"column":1}},"line":7},"1":{"name":"(anonymous_1)","decl":{"start":{"line":8,"column":15},"end":{"line":8,"column":16}},"loc":{"start":{"line":8,"column":29},"end":{"line":55,"column":3}},"line":8},"2":{"name":"(anonymous_2)","decl":{"start":{"line":47,"column":12},"end":{"line":47,"column":13}},"loc":{"start":{"line":47,"column":22},"end":{"line":51,"column":7}},"line":47},"3":{"name":"(anonymous_3)","decl":{"start":{"line":52,"column":13},"end":{"line":52,"column":14}},"loc":{"start":{"line":52,"column":22},"end":{"line":54,"column":7}},"line":52},"4":{"name":"(anonymous_4)","decl":{"start":{"line":57,"column":19},"end":{"line":57,"column":20}},"loc":{"start":{"line":57,"column":33},"end":{"line":73,"column":3}},"line":57}},"branchMap":{"0":{"loc":{"start":{"line":14,"column":21},"end":{"line":14,"column":31}},"type":"binary-expr","locations":[{"start":{"line":14,"column":21},"end":{"line":14,"column":25}},{"start":{"line":14,"column":29},"end":{"line":14,"column":31}}],"line":14},"1":{"loc":{"start":{"line":15,"column":24},"end":{"line":15,"column":37}},"type":"binary-expr","locations":[{"start":{"line":15,"column":24},"end":{"line":15,"column":31}},{"start":{"line":15,"column":35},"end":{"line":15,"column":37}}],"line":15},"2":{"loc":{"start":{"line":22,"column":4},"end":{"line":24,"column":5}},"type":"if","locations":[{"start":{"line":22,"column":4},"end":{"line":24,"column":5}},{"start":{"line":22,"column":4},"end":{"line":24,"column":5}}],"line":22},"3":{"loc":{"start":{"line":22,"column":8},"end":{"line":22,"column":25}},"type":"binary-expr","locations":[{"start":{"line":22,"column":8},"end":{"line":22,"column":13}},{"start":{"line":22,"column":17},"end":{"line":22,"column":25}}],"line":22},"4":{"loc":{"start":{"line":29,"column":4},"end":{"line":32,"column":5}},"type":"if","locations":[{"start":{"line":29,"column":4},"end":{"line":32,"column":5}},{"start":{"line":29,"column":4},"end":{"line":32,"column":5}}],"line":29}},"s":{"0":1,"1":1,"2":1,"3":1,"4":1,"5":4,"6":4,"7":4,"8":4,"9":1,"10":3,"11":3,"12":1,"13":1,"14":2,"15":1,"16":1,"17":1,"18":1,"19":1,"20":0,"21":0,"22":0,"23":0,"24":0,"25":0,"26":0,"27":1},"f":{"0":1,"1":4,"2":1,"3":1,"4":0},"b":{"0":[4,1],"1":[4,1],"2":[1,3],"3":[4,1],"4":[1,2]},"_coverageSchema":"332fd63041d2c1bcb487cc26dd0d5f7d97098a6c","hash":"24b07dd5970201bfdfd241f71903d27814da7790"}
,"C:\\Users\\shiny\\Projects\\3_GOBELINS\\express-app-testing-demo\\app\\server.js": {"path":"C:\\Users\\shiny\\Projects\\3_GOBELINS\\express-app-testing-demo\\app\\server.js","statementMap":{"0":{"start":{"line":1,"column":16},"end":{"line":1,"column":34}},"1":{"start":{"line":2,"column":16},"end":{"line":2,"column":40}},"2":{"start":{"line":3,"column":13},"end":{"line":3,"column":28}},"3":{"start":{"line":5,"column":19},"end":{"line":8,"column":1}},"4":{"start":{"line":9,"column":24},"end":{"line":9,"column":62}},"5":{"start":{"line":11,"column":12},"end":{"line":11,"column":21}},"6":{"start":{"line":15,"column":0},"end":{"line":15,"column":56}},"7":{"start":{"line":16,"column":0},"end":{"line":16,"column":71}},"8":{"start":{"line":17,"column":0},"end":{"line":17,"column":77}},"9":{"start":{"line":18,"column":0},"end":{"line":18,"column":25}},"10":{"start":{"line":21,"column":0},"end":{"line":21,"column":46}},"11":{"start":{"line":22,"column":0},"end":{"line":22,"column":48}},"12":{"start":{"line":23,"column":0},"end":{"line":23,"column":31}},"13":{"start":{"line":26,"column":0},"end":{"line":26,"column":24}},"14":{"start":{"line":29,"column":13},"end":{"line":29,"column":37}},"15":{"start":{"line":30,"column":0},"end":{"line":30,"column":30}},"16":{"start":{"line":31,"column":0},"end":{"line":31,"column":41}},"17":{"start":{"line":33,"column":0},"end":{"line":33,"column":21}}},"fnMap":{},"branchMap":{"0":{"loc":{"start":{"line":29,"column":13},"end":{"line":29,"column":37}},"type":"binary-expr","locations":[{"start":{"line":29,"column":13},"end":{"line":29,"column":29}},{"start":{"line":29,"column":33},"end":{"line":29,"column":37}}],"line":29}},"s":{"0":1,"1":1,"2":1,"3":1,"4":1,"5":1,"6":1,"7":1,"8":1,"9":1,"10":1,"11":1,"12":1,"13":1,"14":1,"15":1,"16":1,"17":1},"f":{},"b":{"0":[1,1]},"_coverageSchema":"332fd63041d2c1bcb487cc26dd0d5f7d97098a6c","hash":"935402dd50ecf4163655a7a42f1bc3cba6db043d"}
}
